This is pdfTeX, Version 3.14159265-2.6-1.40.19 (MiKTeX 2.9.6630 64-bit) (preloaded format=pdflatex 2018.6.6)  23 JUL 2019 16:57
entering extended mode
**./todelete.tex
(todelete.tex
LaTeX2e <2017-04-15>
Babel <3.18> and hyphenation patterns for 75 language(s) loaded.

("C:\Users\nano\AppData\Local\Programs\MiKTeX 2.9\tex\latex\koma-script\scrrepr
t.cls"
Document Class: scrreprt 2018/03/30 v3.25 KOMA-Script document class (report)

("C:\Users\nano\AppData\Local\Programs\MiKTeX 2.9\tex\latex\koma-script\scrkbas
e.sty"
Package: scrkbase 2018/03/30 v3.25 KOMA-Script package (KOMA-Script-dependent b
asics and keyval usage)

("C:\Users\nano\AppData\Local\Programs\MiKTeX 2.9\tex\latex\koma-script\scrbase
.sty"
Package: scrbase 2018/03/30 v3.25 KOMA-Script package (KOMA-Script-independent 
basics and keyval usage)

("C:\Users\nano\AppData\Local\Programs\MiKTeX 2.9\tex\latex\graphics\keyval.sty
"
Package: keyval 2014/10/28 v1.15 key=value parser (DPC)
\KV@toks@=\toks14
)
("C:\Users\nano\AppData\Local\Programs\MiKTeX 2.9\tex\latex\koma-script\scrlfil
e.sty"
Package: scrlfile 2018/03/30 v3.25 KOMA-Script package (loading files)
)))
("C:\Users\nano\AppData\Local\Programs\MiKTeX 2.9\tex\latex\koma-script\tocbasi
c.sty"
Package: tocbasic 2018/03/30 v3.25 KOMA-Script package (handling toc-files)
\scr@dte@tocline@numberwidth=\skip41
\scr@dte@tocline@numbox=\box26
)
Package tocbasic Info: omitting babel extension for `toc'
(tocbasic)             because of feature `nobabel' available
(tocbasic)             for `toc' on input line 136.
Package tocbasic Info: defining new hook before heading of `' on input line 166
7.
Package scrreprt Info: You've used standard option `12pt'.
(scrreprt)             This is correct!
(scrreprt)             Internally I'm using `fontsize=12pt'.
(scrreprt)             If you'd like to set the option with \KOMAoptions,
(scrreprt)             you'd have to use `fontsize=12pt' there
(scrreprt)             instead of `12pt', too.


Class scrreprt Warning: You've used obsolete option `bibtotocnumbered'.
(scrreprt)              Usage of this option indicates an old document
(scrreprt)              and changes compatibility level using
(scrreprt)              `bibliography=totocnumbered,version=first,
(scrreprt)              enabledeprecatedfontcommands' that may result
(scrreprt)              in further warnings.
(scrreprt)              If you don't want this, you should simply
(scrreprt)              replace option `bibtotocnumbered' by `bibliography=toto
cnumbered'.

Class scrreprt Info: Switching compatibility level to `first'.

Class scrreprt Warning: deprecated option `enabledeprecatedfontcommands'.
(scrreprt)              Note, that this option was already depreacted when
(scrreprt)              it has been defined. Support for old font commands
(scrreprt)              has been removed from KOMA-Script more than one
(scrreprt)              decade ago. It is not recommended to use them any
(scrreprt)              longer. Therefore usage of this class option also
(scrreprt)              is not recommended.

Class scrreprt Info: File `scrsize12pt.clo' used to setup font sizes on input l
ine 2328.

("C:\Users\nano\AppData\Local\Programs\MiKTeX 2.9\tex\latex\koma-script\scrsize
12pt.clo"
File: scrsize12pt.clo 2018/03/30 v3.25 KOMA-Script font size class option (12pt
)
)
("C:\Users\nano\AppData\Local\Programs\MiKTeX 2.9\tex\latex\koma-script\typeare
a.sty"
Package: typearea 2018/03/30 v3.25 KOMA-Script package (type area)
\ta@bcor=\skip42
\ta@div=\count79
Package typearea Info: You've used standard option `a4paper'.
(typearea)             This is correct!
(typearea)             Internally I'm using `paper=a4'.
(typearea)             If you'd like to set the option with \KOMAoptions,
(typearea)             you'd have to use `paper=a4' there
(typearea)             instead of `a4paper', too.
\ta@hblk=\skip43
\ta@vblk=\skip44
\ta@temp=\skip45
\footheight=\skip46
Package typearea Info: These are the values describing the layout:
(typearea)             DIV  = 12
(typearea)             BCOR = 0.0pt
(typearea)             \paperwidth      = 597.50793pt
(typearea)              \textwidth      = 448.13095pt
(typearea)              DIV departure   = -6%
(typearea)              \evensidemargin = 2.4185pt
(typearea)              \oddsidemargin  = 2.4185pt
(typearea)             \paperheight     = 845.04694pt
(typearea)              \textheight     = 635.5pt
(typearea)              \topmargin      = -41.72441pt
(typearea)              \headheight     = 18.125pt
(typearea)              \headsep        = 21.75pt
(typearea)              \topskip        = 12.0pt
(typearea)              \footskip       = 50.75pt
(typearea)              \baselineskip   = 14.5pt
(typearea)              on input line 1706.
)
\c@part=\count80
\c@chapter=\count81
\c@section=\count82
\c@subsection=\count83
\c@subsubsection=\count84
\c@paragraph=\count85
\c@subparagraph=\count86
\scr@dte@part@maxnumwidth=\skip47
\scr@dte@chapter@maxnumwidth=\skip48
\scr@dte@section@maxnumwidth=\skip49
\scr@dte@subsection@maxnumwidth=\skip50
\scr@dte@subsubsection@maxnumwidth=\skip51
\scr@dte@paragraph@maxnumwidth=\skip52
\scr@dte@subparagraph@maxnumwidth=\skip53
\abovecaptionskip=\skip54
\belowcaptionskip=\skip55
\c@pti@nb@sid@b@x=\box27
\scr@dte@figure@maxnumwidth=\skip56
Package tocbasic Info: omitting babel extension for `lof'
(tocbasic)             because of feature `nobabel' available
(tocbasic)             for `lof' on input line 6247.
\c@figure=\count87
\scr@dte@table@maxnumwidth=\skip57
Package tocbasic Info: omitting babel extension for `lot'
(tocbasic)             because of feature `nobabel' available
(tocbasic)             for `lot' on input line 6264.
\c@table=\count88
Class scrreprt Info: Using old \@makefntext due to compatibility level
(scrreprt)           less than 3.22 on input line 6420.
Class scrreprt Info: Redefining `\numberline' on input line 6433.
\bibindent=\dimen102
)
("C:\Users\nano\AppData\Local\Programs\MiKTeX 2.9\tex\latex\caption\caption.sty
"
Package: caption 2018/05/01 v3.3-147 Customizing captions (AR)

("C:\Users\nano\AppData\Local\Programs\MiKTeX 2.9\tex\latex\caption\caption3.st
y"
Package: caption3 2018/05/27 v1.8a caption3 kernel (AR)
Package caption3 Info: TeX engine: e-TeX on input line 64.
\captionmargin=\dimen103
\captionmargin@=\dimen104
\captionwidth=\dimen105
\caption@tempdima=\dimen106
\caption@indent=\dimen107
\caption@parindent=\dimen108
\caption@hangindent=\dimen109
)
Package caption Info: KOMA-Script document class.
\c@ContinuedFloat=\count89
)
("C:\Users\nano\AppData\Local\Programs\MiKTeX 2.9\tex\latex\caption\subcaption.
sty"
Package: subcaption 2018/05/01 v1.1-162 Sub-captions (AR)
\c@subfigure=\count90
\c@subtable=\count91
)
("C:\Users\nano\AppData\Local\Programs\MiKTeX 2.9\tex\latex\amsmath\amsmath.sty
"
Package: amsmath 2017/09/02 v2.17a AMS math features
\@mathmargin=\skip58

For additional information on amsmath, use the `?' option.
("C:\Users\nano\AppData\Local\Programs\MiKTeX 2.9\tex\latex\amsmath\amstext.sty
"
Package: amstext 2000/06/29 v2.01 AMS text
 ("C:\Users\nano\AppData\Local\Programs\MiKTeX 2.9\tex\latex\amsmath\amsgen.sty
"
File: amsgen.sty 1999/11/30 v2.0 generic functions
\@emptytoks=\toks15
\ex@=\dimen110
))
("C:\Users\nano\AppData\Local\Programs\MiKTeX 2.9\tex\latex\amsmath\amsbsy.sty"
Package: amsbsy 1999/11/29 v1.2d Bold Symbols
\pmbraise@=\dimen111
) ("C:\Users\nano\AppData\Local\Programs\MiKTeX 2.9\tex\latex\amsmath\amsopn.st
y"
Package: amsopn 2016/03/08 v2.02 operator names
)
\inf@bad=\count92
LaTeX Info: Redefining \frac on input line 213.
\uproot@=\count93
\leftroot@=\count94
LaTeX Info: Redefining \overline on input line 375.
\classnum@=\count95
\DOTSCASE@=\count96
LaTeX Info: Redefining \ldots on input line 472.
LaTeX Info: Redefining \dots on input line 475.
LaTeX Info: Redefining \cdots on input line 596.
\Mathstrutbox@=\box28
\strutbox@=\box29
\big@size=\dimen112
LaTeX Font Info:    Redeclaring font encoding OML on input line 712.
LaTeX Font Info:    Redeclaring font encoding OMS on input line 713.
\macc@depth=\count97
\c@MaxMatrixCols=\count98
\dotsspace@=\muskip10
\c@parentequation=\count99
\dspbrk@lvl=\count100
\tag@help=\toks16
\row@=\count101
\column@=\count102
\maxfields@=\count103
\andhelp@=\toks17
\eqnshift@=\dimen113
\alignsep@=\dimen114
\tagshift@=\dimen115
\tagwidth@=\dimen116
\totwidth@=\dimen117
\lineht@=\dimen118
\@envbody=\toks18
\multlinegap=\skip59
\multlinetaggap=\skip60
\mathdisplay@stack=\toks19
LaTeX Info: Redefining \[ on input line 2817.
LaTeX Info: Redefining \] on input line 2818.
)
("C:\Users\nano\AppData\Local\Programs\MiKTeX 2.9\tex\latex\graphics\graphicx.s
ty"
Package: graphicx 2017/06/01 v1.1a Enhanced LaTeX Graphics (DPC,SPQR)

("C:\Users\nano\AppData\Local\Programs\MiKTeX 2.9\tex\latex\graphics\graphics.s
ty"
Package: graphics 2017/06/25 v1.2c Standard LaTeX Graphics (DPC,SPQR)

("C:\Users\nano\AppData\Local\Programs\MiKTeX 2.9\tex\latex\graphics\trig.sty"
Package: trig 2016/01/03 v1.10 sin cos tan (DPC)
)
("C:\Users\nano\AppData\Local\Programs\MiKTeX 2.9\tex\latex\graphics-cfg\graphi
cs.cfg"
File: graphics.cfg 2016/06/04 v1.11 sample graphics configuration
)
Package graphics Info: Driver file: pdftex.def on input line 99.

("C:\Users\nano\AppData\Local\Programs\MiKTeX 2.9\tex\latex\graphics-def\pdftex
.def"
File: pdftex.def 2018/01/08 v1.0l Graphics/color driver for pdftex
))
\Gin@req@height=\dimen119
\Gin@req@width=\dimen120
)
("C:\Users\nano\AppData\Local\Programs\MiKTeX 2.9\tex\latex\placeins\placeins.s
ty"
Package: placeins 2005/04/18  v 2.2
) ("C:\Users\nano\AppData\Local\Programs\MiKTeX 2.9\tex\latex\float\float.sty"
Package: float 2001/11/08 v1.3d Float enhancements (AL)
\c@float@type=\count104
\float@exts=\toks20
\float@box=\box30
\@float@everytoks=\toks21
\@floatcapt=\box31
) ("C:\Users\nano\AppData\Local\Programs\MiKTeX 2.9\tex\latex\tools\array.sty"
Package: array 2016/10/06 v2.4d Tabular extension package (FMi)
\col@sep=\dimen121
\extrarowheight=\dimen122
\NC@list=\toks22
\extratabsurround=\skip61
\backup@length=\skip62
)

LaTeX Warning: Unused global option(s):
    [twosite].

(todelete.aux (results2.aux

LaTeX Warning: Label `fig:IntensitySigRate' multiply defined.


LaTeX Warning: Label `fig:IntensitySigRate' multiply defined.


LaTeX Warning: Label `fig:IntensitySigRate' multiply defined.

))
\openout1 = `todelete.aux'.

LaTeX Font Info:    Checking defaults for OML/cmm/m/it on input line 9.
LaTeX Font Info:    ... okay on input line 9.
LaTeX Font Info:    Checking defaults for T1/cmr/m/n on input line 9.
LaTeX Font Info:    ... okay on input line 9.
LaTeX Font Info:    Checking defaults for OT1/cmr/m/n on input line 9.
LaTeX Font Info:    ... okay on input line 9.
LaTeX Font Info:    Checking defaults for OMS/cmsy/m/n on input line 9.
LaTeX Font Info:    ... okay on input line 9.
LaTeX Font Info:    Checking defaults for OMX/cmex/m/n on input line 9.
LaTeX Font Info:    ... okay on input line 9.
LaTeX Font Info:    Checking defaults for U/cmr/m/n on input line 9.
LaTeX Font Info:    ... okay on input line 9.
Package caption Info: Begin \AtBeginDocument code.
Package caption Info: float package is loaded.
Package caption Info: End \AtBeginDocument code.

("C:\Users\nano\AppData\Local\Programs\MiKTeX 2.9\tex\context\base\supp-pdf.mki
i"
[Loading MPS to PDF converter (version 2006.09.02).]
\scratchcounter=\count105
\scratchdimen=\dimen123
\scratchbox=\box32
\nofMPsegments=\count106
\nofMParguments=\count107
\everyMPshowfont=\toks23
\MPscratchCnt=\count108
\MPscratchDim=\dimen124
\MPnumerator=\count109
\makeMPintoPDFobject=\count110
\everyMPtoPDFconversion=\toks24
)
("C:\Users\nano\AppData\Local\Programs\MiKTeX 2.9\tex\latex\oberdiek\epstopdf-b
ase.sty"
Package: epstopdf-base 2016/05/15 v2.6 Base part for package epstopdf

("C:\Users\nano\AppData\Local\Programs\MiKTeX 2.9\tex\generic\oberdiek\infwarer
r.sty"
Package: infwarerr 2016/05/16 v1.4 Providing info/warning/error messages (HO)
)
("C:\Users\nano\AppData\Local\Programs\MiKTeX 2.9\tex\latex\oberdiek\grfext.sty
"
Package: grfext 2016/05/16 v1.2 Manage graphics extensions (HO)

("C:\Users\nano\AppData\Local\Programs\MiKTeX 2.9\tex\generic\oberdiek\kvdefine
keys.sty"
Package: kvdefinekeys 2016/05/16 v1.4 Define keys (HO)

("C:\Users\nano\AppData\Local\Programs\MiKTeX 2.9\tex\generic\oberdiek\ltxcmds.
sty"
Package: ltxcmds 2016/05/16 v1.23 LaTeX kernel commands for general use (HO)
)))
("C:\Users\nano\AppData\Local\Programs\MiKTeX 2.9\tex\latex\oberdiek\kvoptions.
sty"
Package: kvoptions 2016/05/16 v3.12 Key value format for package options (HO)

("C:\Users\nano\AppData\Local\Programs\MiKTeX 2.9\tex\generic\oberdiek\kvsetkey
s.sty"
Package: kvsetkeys 2016/05/16 v1.17 Key value parser (HO)

("C:\Users\nano\AppData\Local\Programs\MiKTeX 2.9\tex\generic\oberdiek\etexcmds
.sty"
Package: etexcmds 2016/05/16 v1.6 Avoid name clashes with e-TeX commands (HO)

("C:\Users\nano\AppData\Local\Programs\MiKTeX 2.9\tex\generic\oberdiek\ifluatex
.sty"
Package: ifluatex 2016/05/16 v1.4 Provides the ifluatex switch (HO)
Package ifluatex Info: LuaTeX not detected.
)
Package etexcmds Info: Could not find \expanded.
(etexcmds)             That can mean that you are not using pdfTeX 1.50 or
(etexcmds)             that some package has redefined \expanded.
(etexcmds)             In the latter case, load this package earlier.
)))
("C:\Users\nano\AppData\Local\Programs\MiKTeX 2.9\tex\generic\oberdiek\pdftexcm
ds.sty"
Package: pdftexcmds 2018/01/21 v0.26 Utility functions of pdfTeX for LuaTeX (HO
)

("C:\Users\nano\AppData\Local\Programs\MiKTeX 2.9\tex\generic\oberdiek\ifpdf.st
y"
Package: ifpdf 2017/03/15 v3.2 Provides the ifpdf switch
)
Package pdftexcmds Info: LuaTeX not detected.
Package pdftexcmds Info: \pdf@primitive is available.
Package pdftexcmds Info: \pdf@ifprimitive is available.
Package pdftexcmds Info: \pdfdraftmode found.
)
Package epstopdf-base Info: Redefining graphics rule for `.eps' on input line 4
38.
Package grfext Info: Graphics extension search list:
(grfext)             [.pdf,.png,.jpg,.mps,.jpeg,.jbig2,.jb2,.PDF,.PNG,.JPG,.JPE
G,.JBIG2,.JB2,.eps]
(grfext)             \AppendGraphicsExtensions on input line 456.
)
<../Images/results/Mir_He_Dropletsize/Henerg.png, id=1, 678.535pt x 384.43625pt
>
File: ../Images/results/Mir_He_Dropletsize/Henerg.png Graphic file (type png)
<use ../Images/results/Mir_He_Dropletsize/Henerg.png>
Package pdftex.def Info: ../Images/results/Mir_He_Dropletsize/Henerg.png  used 
on input line 14.
(pdftex.def)             Requested size: 219.58662pt x 124.40648pt.
<../Images/results/Mir_He_Dropletsize/Helec.png, id=2, 578.16pt x 370.38374pt>
File: ../Images/results/Mir_He_Dropletsize/Helec.png Graphic file (type png)
<use ../Images/results/Mir_He_Dropletsize/Helec.png>
Package pdftex.def Info: ../Images/results/Mir_He_Dropletsize/Helec.png  used o
n input line 16.
(pdftex.def)             Requested size: 219.58662pt x 140.66815pt.
 [1

{C:/Users/nano/AppData/Local/MiKTeX/2.9/pdftex/config/pdftex.map} <../Images/re
sults/Mir_He_Dropletsize/Henerg.png (PNG copy)> <../Images/results/Mir_He_Dropl
etsize/Helec.png (PNG copy)>]
\openout2 = `results2.aux'.

 (results2.tex
chapter 1.

Class scrreprt Warning: \float@addtolists detected!
(scrreprt)              Implementation of \float@addtolist became
(scrreprt)              deprecated in KOMA-Script v3.01 2008/11/14 and
(scrreprt)              has been replaced by several more flexible
(scrreprt)              features of package `tocbasic`.
(scrreprt)              Since Version 3.12 support for deprecated
(scrreprt)              \float@addtolist interface has been
(scrreprt)              restricted to only some of the KOMA-Script
(scrreprt)              features and been removed from others.
(scrreprt)              Loading of package `scrhack' may help to
(scrreprt)              avoid this warning, if you are using a
(scrreprt)              a package that still implements the
(scrreprt)              deprecated \float@addtolist interface .

<../Images/TOF-10k6.png, id=8, 880.891pt x 563.706pt>
File: ../Images/TOF-10k6.png Graphic file (type png)
<use ../Images/TOF-10k6.png>
Package pdftex.def Info: ../Images/TOF-10k6.png  used on input line 14.
(pdftex.def)             Requested size: 313.69029pt x 200.74063pt.

LaTeX Warning: Citation `hagena_cluster_1972' on page 2 undefined on input line
 19.


LaTeX Warning: Reference `tab:NIRclustersize' on page 2 undefined on input line
 19.

<../Images/results/Comparison_energyDistribution/NIR_He_summed_energydist.png, 
id=10, 803.0pt x 527.9725pt>
File: ../Images/results/Comparison_energyDistribution/NIR_He_summed_energydist.
png Graphic file (type png)
<use ../Images/results/Comparison_energyDistribution/NIR_He_summed_energydist.p
ng>
Package pdftex.def Info: ../Images/results/Comparison_energyDistribution/NIR_He
_summed_energydist.png  used on input line 22.
(pdftex.def)             Requested size: 403.31511pt x 265.18597pt.
<../Images/results/Comparison_energyDistribution/MIR_He_summed_energydist.png, 
id=11, 803.0pt x 517.935pt>
File: ../Images/results/Comparison_energyDistribution/MIR_He_summed_energydist.
png Graphic file (type png)
<use ../Images/results/Comparison_energyDistribution/MIR_He_summed_energydist.p
ng>
Package pdftex.def Info: ../Images/results/Comparison_energyDistribution/MIR_He
_summed_energydist.png  used on input line 23.
(pdftex.def)             Requested size: 403.31511pt x 260.14441pt.
[2


]

LaTeX Warning: Citation `kelbg_auger_2019' on page 3 undefined on input line 28
.

Missing character: There is no Â in font cmr12!
Missing character: There is no ´ in font cmr12!
[3 <../Images/TOF-10k6.png>] [4 <../Images/results/Comparison_energyDistributio
n/NIR_He_summed_energydist.png (PNG copy)> <../Images/results/Comparison_energy
Distribution/MIR_He_summed_energydist.png (PNG copy)>]
<../Images/results/NI_He_Dropletsize/signalrate.png, id=29, 578.16pt x 412.5412
4pt>
File: ../Images/results/NI_He_Dropletsize/signalrate.png Graphic file (type png
)
<use ../Images/results/NI_He_Dropletsize/signalrate.png>
Package pdftex.def Info: ../Images/results/NI_He_Dropletsize/signalrate.png  us
ed on input line 40.
(pdftex.def)             Requested size: 143.40518pt x 102.32301pt.
<../Images/results/Mir_He_Dropletsize/sigrate.png, id=30, 578.16pt x 375.4025pt
>
File: ../Images/results/Mir_He_Dropletsize/sigrate.png Graphic file (type png)
<use ../Images/results/Mir_He_Dropletsize/sigrate.png>
Package pdftex.def Info: ../Images/results/Mir_He_Dropletsize/sigrate.png  used
 on input line 42.
(pdftex.def)             Requested size: 143.40518pt x 93.11145pt.
<../Images/results/MIR_Ne_DropletSize/Sigrate.png, id=31, 578.16pt x 398.48875p
t>
File: ../Images/results/MIR_Ne_DropletSize/Sigrate.png Graphic file (type png)
<use ../Images/results/MIR_Ne_DropletSize/Sigrate.png>
Package pdftex.def Info: ../Images/results/MIR_Ne_DropletSize/Sigrate.png  used
 on input line 45.
(pdftex.def)             Requested size: 143.40518pt x 98.83755pt.
<../Images/results/NI_He_Dropletsize/MeanElec.png, id=32, 578.16pt x 347.2975pt
>
File: ../Images/results/NI_He_Dropletsize/MeanElec.png Graphic file (type png)
<use ../Images/results/NI_He_Dropletsize/MeanElec.png>
Package pdftex.def Info: ../Images/results/NI_He_Dropletsize/MeanElec.png  used
 on input line 55.
(pdftex.def)             Requested size: 143.40518pt x 86.14053pt.
<../Images/results/Mir_He_Dropletsize/Meanelec.png, id=33, 578.16pt x 345.29pt>

File: ../Images/results/Mir_He_Dropletsize/Meanelec.png Graphic file (type png)

<use ../Images/results/Mir_He_Dropletsize/Meanelec.png>
Package pdftex.def Info: ../Images/results/Mir_He_Dropletsize/Meanelec.png  use
d on input line 59.
(pdftex.def)             Requested size: 143.40518pt x 85.64261pt.
<../Images/results/MIR_Ne_DropletSize/MeanElec.png, id=34, 578.16pt x 363.3575p
t>
File: ../Images/results/MIR_Ne_DropletSize/MeanElec.png Graphic file (type png)

<use ../Images/results/MIR_Ne_DropletSize/MeanElec.png>
Package pdftex.def Info: ../Images/results/MIR_Ne_DropletSize/MeanElec.png  use
d on input line 63.
(pdftex.def)             Requested size: 143.40518pt x 90.12392pt.
<../Images/results/NI_He_Dropletsize/MeanEnerg.png, id=35, 578.16pt x 367.3725p
t>
File: ../Images/results/NI_He_Dropletsize/MeanEnerg.png Graphic file (type png)

<use ../Images/results/NI_He_Dropletsize/MeanEnerg.png>
Package pdftex.def Info: ../Images/results/NI_He_Dropletsize/MeanEnerg.png  use
d on input line 68.
(pdftex.def)             Requested size: 143.40518pt x 91.11977pt.
<../Images/results/Mir_He_Dropletsize/MeanEnerg.png, id=36, 578.16pt x 358.3387
5pt>
File: ../Images/results/Mir_He_Dropletsize/MeanEnerg.png Graphic file (type png
)
<use ../Images/results/Mir_He_Dropletsize/MeanEnerg.png>
Package pdftex.def Info: ../Images/results/Mir_He_Dropletsize/MeanEnerg.png  us
ed on input line 71.
(pdftex.def)             Requested size: 143.40518pt x 88.87912pt.
<../Images/results/MIR_Ne_DropletSize/MeanEnerg.png, id=37, 578.16pt x 369.38pt
>
File: ../Images/results/MIR_Ne_DropletSize/MeanEnerg.png Graphic file (type png
)
<use ../Images/results/MIR_Ne_DropletSize/MeanEnerg.png>
Package pdftex.def Info: ../Images/results/MIR_Ne_DropletSize/MeanEnerg.png  us
ed on input line 74.
(pdftex.def)             Requested size: 143.40518pt x 91.61769pt.


LaTeX Warning: `!h' float specifier changed to `!ht'.

[5 <../Images/results/NI_He_Dropletsize/signalrate.png (PNG copy)> <../Images/r
esults/Mir_He_Dropletsize/sigrate.png (PNG copy)> <../Images/results/MIR_Ne_Dro
pletSize/Sigrate.png (PNG copy)>]
Missing character: There is no Â in font cmr12!
Missing character: There is no ´ in font cmr12!


Package caption Warning: \label without proper reference on input line 94.
See the caption package documentation for explanation.


LaTeX Warning: Reference `tab:pulsepower' on page 6 undefined on input line 89.


[6 <../Images/results/NI_He_Dropletsize/MeanElec.png (PNG copy)> <../Images/res
ults/Mir_He_Dropletsize/Meanelec.png (PNG copy)> <../Images/results/MIR_Ne_Drop
letSize/MeanElec.png (PNG copy)> <../Images/results/NI_He_Dropletsize/MeanEnerg
.png (PNG copy)> <../Images/results/Mir_He_Dropletsize/MeanEnerg.png (PNG copy)
> <../Images/results/MIR_Ne_DropletSize/MeanEnerg.png (PNG copy)>]

LaTeX Warning: No positions in optional float specifier.
               Default added (so using `tbp') on input line 92.

<../Images/results/MIR_He_pulsescan/raw/signalrate.png, id=45, 578.16pt x 450.6
8375pt>
File: ../Images/results/MIR_He_pulsescan/raw/signalrate.png Graphic file (type 
png)
<use ../Images/results/MIR_He_pulsescan/raw/signalrate.png>
Package pdftex.def Info: ../Images/results/MIR_He_pulsescan/raw/signalrate.png 
 used on input line 127.
(pdftex.def)             Requested size: 215.10094pt x 167.67186pt.
<../Images/results/MIR_Ne_pulseduration/SigRate.png, id=46, 578.16pt x 462.7287
4pt>
File: ../Images/results/MIR_Ne_pulseduration/SigRate.png Graphic file (type png
)
<use ../Images/results/MIR_Ne_pulseduration/SigRate.png>
Package pdftex.def Info: ../Images/results/MIR_Ne_pulseduration/SigRate.png  us
ed on input line 131.
(pdftex.def)             Requested size: 215.10094pt x 172.15308pt.
<../Images/results/MIR_He_pulsescan/raw/meanelect.png, id=47, 578.16pt x 358.33
875pt>
File: ../Images/results/MIR_He_pulsescan/raw/meanelect.png Graphic file (type p
ng)
<use ../Images/results/MIR_He_pulsescan/raw/meanelect.png>
Package pdftex.def Info: ../Images/results/MIR_He_pulsescan/raw/meanelect.png  
used on input line 136.
(pdftex.def)             Requested size: 215.10094pt x 133.31595pt.
<../Images/results/MIR_Ne_pulseduration/MeanElec.png, id=48, 578.16pt x 378.413
76pt>
File: ../Images/results/MIR_Ne_pulseduration/MeanElec.png Graphic file (type pn
g)
<use ../Images/results/MIR_Ne_pulseduration/MeanElec.png>
Package pdftex.def Info: ../Images/results/MIR_Ne_pulseduration/MeanElec.png  u
sed on input line 139.
(pdftex.def)             Requested size: 215.10094pt x 140.78462pt.
<../Images/results/MIR_He_pulsescan/raw/meanenergt.png, id=49, 578.16pt x 365.3
65pt>
File: ../Images/results/MIR_He_pulsescan/raw/meanenergt.png Graphic file (type 
png)
<use ../Images/results/MIR_He_pulsescan/raw/meanenergt.png>
Package pdftex.def Info: ../Images/results/MIR_He_pulsescan/raw/meanenergt.png 
 used on input line 143.
(pdftex.def)             Requested size: 215.10094pt x 135.92998pt.
<../Images/results/MIR_Ne_pulseduration/MeanEnerg.png, id=50, 578.16pt x 362.35
374pt>
File: ../Images/results/MIR_Ne_pulseduration/MeanEnerg.png Graphic file (type p
ng)
<use ../Images/results/MIR_Ne_pulseduration/MeanEnerg.png>
Package pdftex.def Info: ../Images/results/MIR_Ne_pulseduration/MeanEnerg.png  
used on input line 146.
(pdftex.def)             Requested size: 215.10094pt x 134.80968pt.

LaTeX Warning: `!h' float specifier changed to `!ht'.

[7] [8 <../Images/results/MIR_He_pulsescan/raw/signalrate.png (PNG copy)> <../I
mages/results/MIR_Ne_pulseduration/SigRate.png (PNG copy)> <../Images/results/M
IR_He_pulsescan/raw/meanelect.png (PNG copy)> <../Images/results/MIR_Ne_pulsedu
ration/MeanElec.png (PNG copy)> <../Images/results/MIR_He_pulsescan/raw/meanene
rgt.png (PNG copy)> <../Images/results/MIR_Ne_pulseduration/MeanEnerg.png (PNG 
copy)>]
<../Images/results/NIR_He_intensityscan/signalrate.png, id=58, 803.0pt x 525.96
5pt>
File: ../Images/results/NIR_He_intensityscan/signalrate.png Graphic file (type 
png)
<use ../Images/results/NIR_He_intensityscan/signalrate.png>
Package pdftex.def Info: ../Images/results/NIR_He_intensityscan/signalrate.png 
 used on input line 165.
(pdftex.def)             Requested size: 215.10094pt x 140.88885pt.
<../Images/results/MIR_He_waterIntensityscan/sigRate.png, id=59, 578.16pt x 377
.41pt>
File: ../Images/results/MIR_He_waterIntensityscan/sigRate.png Graphic file (typ
e png)
<use ../Images/results/MIR_He_waterIntensityscan/sigRate.png>
Package pdftex.def Info: ../Images/results/MIR_He_waterIntensityscan/sigRate.pn
g  used on input line 167.
(pdftex.def)             Requested size: 215.10094pt x 140.4112pt.


LaTeX Warning: `!h' float specifier changed to `!ht'.

[9]
<../Images/results/MIR_He_XeCaDop/Xe_SignalRate.png, id=63, 578.16pt x 397.485p
t>
File: ../Images/results/MIR_He_XeCaDop/Xe_SignalRate.png Graphic file (type png
)
<use ../Images/results/MIR_He_XeCaDop/Xe_SignalRate.png>
Package pdftex.def Info: ../Images/results/MIR_He_XeCaDop/Xe_SignalRate.png  us
ed on input line 185.
(pdftex.def)             Requested size: 215.10094pt x 147.87987pt.
<../Images/results/MIR_Ne_XeDop_39K/SigRate.png, id=64, 702.625pt x 448.67625pt
>
File: ../Images/results/MIR_Ne_XeDop_39K/SigRate.png Graphic file (type png)
<use ../Images/results/MIR_Ne_XeDop_39K/SigRate.png>
Package pdftex.def Info: ../Images/results/MIR_Ne_XeDop_39K/SigRate.png  used o
n input line 187.
(pdftex.def)             Requested size: 215.10094pt x 137.3561pt.


LaTeX Warning: `!h' float specifier changed to `!ht'.

<../Images/results/MIR_He_XeCaDop/Xe_Meanenerg.png, id=65, 636.3775pt x 414.548
75pt>
File: ../Images/results/MIR_He_XeCaDop/Xe_Meanenerg.png Graphic file (type png)

<use ../Images/results/MIR_He_XeCaDop/Xe_Meanenerg.png>
Package pdftex.def Info: ../Images/results/MIR_He_XeCaDop/Xe_Meanenerg.png  use
d on input line 194.
(pdftex.def)             Requested size: 215.10094pt x 140.11606pt.
<../Images/results/MIR_Ne_XeDop_39K/MeanEnerg.png, id=66, 578.16pt x 354.32375p
t>
File: ../Images/results/MIR_Ne_XeDop_39K/MeanEnerg.png Graphic file (type png)
<use ../Images/results/MIR_Ne_XeDop_39K/MeanEnerg.png>
Package pdftex.def Info: ../Images/results/MIR_Ne_XeDop_39K/MeanEnerg.png  used
 on input line 196.
(pdftex.def)             Requested size: 215.10094pt x 131.8222pt.
<../Images/results/MIR_He_XeCaDop/Xe_Meanelec.png, id=67, 636.3775pt x 406.5187
5pt>
File: ../Images/results/MIR_He_XeCaDop/Xe_Meanelec.png Graphic file (type png)
<use ../Images/results/MIR_He_XeCaDop/Xe_Meanelec.png>
Package pdftex.def Info: ../Images/results/MIR_He_XeCaDop/Xe_Meanelec.png  used
 on input line 199.
(pdftex.def)             Requested size: 215.10094pt x 137.40195pt.
<../Images/results/MIR_Ne_XeDop_39K/MeanElec.png, id=68, 578.16pt x 358.33875pt
>
File: ../Images/results/MIR_Ne_XeDop_39K/MeanElec.png Graphic file (type png)
<use ../Images/results/MIR_Ne_XeDop_39K/MeanElec.png>
Package pdftex.def Info: ../Images/results/MIR_Ne_XeDop_39K/MeanElec.png  used 
on input line 201.
(pdftex.def)             Requested size: 215.10094pt x 133.31595pt.

LaTeX Warning: `!h' float specifier changed to `!ht'.

) [10 <../Images/results/NIR_He_intensityscan/signalrate.png (PNG copy)> <../Im
ages/results/MIR_He_waterIntensityscan/sigRate.png (PNG copy)>] [11 <../Images/
results/MIR_He_XeCaDop/Xe_SignalRate.png (PNG copy)> <../Images/results/MIR_Ne_
XeDop_39K/SigRate.png (PNG copy)> <../Images/results/MIR_He_XeCaDop/Xe_Meanener
g.png (PNG copy)> <../Images/results/MIR_Ne_XeDop_39K/MeanEnerg.png (PNG copy)>
 <../Images/results/MIR_He_XeCaDop/Xe_Meanelec.png (PNG copy)> <../Images/resul
ts/MIR_Ne_XeDop_39K/MeanElec.png (PNG copy)>] (todelete.aux (results2.aux))

LaTeX Warning: There were undefined references.


LaTeX Warning: There were multiply-defined labels.

 ) 
Here is how much of TeX's memory you used:
 5683 strings out of 493305
 104757 string characters out of 3130238
 259623 words of memory out of 3000000
 9155 multiletter control sequences out of 15000+200000
 9193 words of font info for 33 fonts, out of 3000000 for 9000
 1141 hyphenation exceptions out of 8191
 51i,9n,66p,9109b,473s stack positions out of 5000i,500n,10000p,200000b,50000s
<C:/Users/nano/AppData/Local/Programs/MiKTeX 2.9/fonts/type1/public/amsfonts/
cm/cmbx12.pfb><C:/Users/nano/AppData/Local/Programs/MiKTeX 2.9/fonts/type1/publ
ic/amsfonts/cm/cmmi12.pfb><C:/Users/nano/AppData/Local/Programs/MiKTeX 2.9/font
s/type1/public/amsfonts/cm/cmmi8.pfb><C:/Users/nano/AppData/Local/Programs/MiKT
eX 2.9/fonts/type1/public/amsfonts/cm/cmr10.pfb><C:/Users/nano/AppData/Local/Pr
ograms/MiKTeX 2.9/fonts/type1/public/amsfonts/cm/cmr12.pfb><C:/Users/nano/AppDa
ta/Local/Programs/MiKTeX 2.9/fonts/type1/public/amsfonts/cm/cmr8.pfb><C:/Users/
nano/AppData/Local/Programs/MiKTeX 2.9/fonts/type1/public/amsfonts/cm/cmssbx10.
pfb><C:/Users/nano/AppData/Local/Programs/MiKTeX 2.9/fonts/type1/public/amsfont
s/cm/cmsy10.pfb><C:/Users/nano/AppData/Local/Programs/MiKTeX 2.9/fonts/type1/pu
blic/amsfonts/cm/cmti12.pfb>
Output written on todelete.pdf (11 pages, 676076 bytes).
PDF statistics:
 104 PDF objects out of 1000 (max. 8388607)
 0 named destinations out of 1000 (max. 500000)
 141 words of extra memory for PDF output out of 10000 (max. 10000000)

